<?xml version="1.0" encoding="UTF-8"?>
<!-- Generated by org.testng.reporters.JUnitXMLReporter -->
<testsuite hostname="DESKTOP-0BRS4D0" ignored="0" name="TestInChrome" tests="1" failures="1" timestamp="03 Jul 2021 06:43:01 GMT" time="0.392" errors="0">
  <testcase name="@AfterClass tearDown" time="0.0" classname="frameWork.TestCase.BaseClass">
    <failure type="java.lang.NullPointerException">
      <![CDATA[java.lang.NullPointerException
at frameWork.TestCase.BaseClass.tearDown(BaseClass.java:43)
at java.util.concurrent.FutureTask.run(FutureTask.java:266)
at java.util.concurrent.ThreadPoolExecutor.runWorker(ThreadPoolExecutor.java:1149)
at java.util.concurrent.ThreadPoolExecutor$Worker.run(ThreadPoolExecutor.java:624)
at java.lang.Thread.run(Thread.java:748)
... Removed 17 stack frames]]>
    </failure>
  </testcase> <!-- @AfterClass tearDown -->
  <testcase name="loginTest" time="0.017" classname="frameWork.TestCase.Login_001">
    <failure type="java.lang.NullPointerException">
      <![CDATA[java.lang.NullPointerException
at frameWork.TestCase.Login_001.loginTest(Login_001.java:11)
at java.util.concurrent.FutureTask.run(FutureTask.java:266)
at java.util.concurrent.ThreadPoolExecutor.runWorker(ThreadPoolExecutor.java:1149)
at java.util.concurrent.ThreadPoolExecutor$Worker.run(ThreadPoolExecutor.java:624)
at java.lang.Thread.run(Thread.java:748)
... Removed 16 stack frames]]>
    </failure>
  </testcase> <!-- loginTest -->
</testsuite> <!-- TestInChrome -->
